2025-05-04 22:02:38,707 - INFO - Criando pacote distribu√≠vel...
2025-05-04 22:02:38,808 - INFO - Pacote criado: DocMaster_Package.zip ‚úì
2025-05-04 22:03:32,630 - INFO - Criando execut√°vel...
2025-05-04 22:03:36,432 - INFO - Execut√°vel criado em dist/DocMaster ‚úì
2025-05-05 10:51:12,350 - INFO - Criando execut√°vel...
2025-05-05 10:51:16,644 - INFO - Execut√°vel criado em dist/DocMaster ‚úì
2025-05-05 11:06:56,047 - INFO - Iniciando instala√ß√£o do DocMaster Pro
2025-05-05 11:06:56,048 - INFO - Verificando vers√£o do Python...
2025-05-05 11:06:56,048 - INFO - Python 3.13.2 (v3.13.2:4f8bb3947cf, Feb  4 2025, 11:51:10) [Clang 15.0.0 (clang-1500.3.9.4)] detectado ‚úì
2025-05-05 11:06:56,048 - INFO - Ambiente virtual j√° existe ‚úì
2025-05-05 11:06:56,048 - INFO - Instalando depend√™ncias...
2025-05-05 11:07:03,360 - INFO - Depend√™ncias instaladas ‚úì
2025-05-05 11:07:03,360 - INFO - Verificando depend√™ncias do sistema...
2025-05-05 11:07:03,361 - INFO - Instalando depend√™ncias via Homebrew...
2025-05-05 11:09:24,604 - INFO - Configurando arquivo .env...
2025-05-05 11:09:24,606 - INFO - Arquivo .env criado ‚úì
2025-05-05 11:09:44,454 - INFO - API key configurada ‚úì
2025-05-05 11:09:44,455 - INFO - Diret√≥rio backups criado ‚úì
2025-05-05 11:09:44,455 - INFO - Diret√≥rio logs criado ‚úì
2025-05-05 11:09:44,456 - INFO - Diret√≥rio quarantine criado ‚úì
2025-05-05 11:09:44,456 - INFO - Inicializando banco de dados...
2025-05-05 11:10:01,201 - INFO - Banco de dados inicializado ‚úì
2025-05-05 11:10:01,202 - INFO - Atalho Unix criado: docmaster.sh ‚úì
2025-05-05 11:10:05,784 - INFO - √çcone criado em /Users/cliente/Desktop/conversor-arquivos1/static/images/icon.ico ‚úì
2025-05-05 11:10:05,784 - INFO - Iniciando aplica√ß√£o na porta 5000...
2025-05-05 11:10:05,785 - INFO - Abrindo navegador em http://127.0.0.1:5000
2025-05-05 11:15:14,287 - INFO - Aplica√ß√£o encerrada pelo usu√°rio
2025-05-10 11:17:26,028 - INFO - Iniciando instalaÁ„o do DocMaster Pro
2025-05-10 11:17:26,031 - INFO - Verificando vers„o do Python...
2025-05-10 11:17:26,061 - INFO - Instalando dependÍncias...
2025-05-10 11:17:36,188 - ERROR - Erro durante a instalaÁ„o: Command '['F:\\ltdestacio\\desenvolvimento\\softwares\\analisador_arquivos\\venv\\Scripts\\pip.exe', 'install', '--upgrade', 'pip']' returned non-zero exit status 1.
2025-05-10 11:31:49,814 - INFO - Iniciando instalaÁ„o do DocMaster Pro
2025-05-10 11:31:49,820 - INFO - Verificando vers„o do Python...
2025-05-10 11:31:49,840 - INFO - Instalando dependÍncias...
2025-05-10 11:32:00,825 - ERROR - Erro durante a instalaÁ„o: Command '['F:\\ltdestacio\\desenvolvimento\\softwares\\analisador_arquivos\\venv\\Scripts\\pip.exe', 'install', '--upgrade', 'pip']' returned non-zero exit status 1.
2025-05-10 12:02:24,231 - INFO - Iniciando instala√ß√£o do DocMaster Pro
2025-05-10 12:02:24,254 - INFO - Iniciando DocMaster Pro a partir do execut√°vel...
2025-05-10 12:02:24,254 - INFO - Arquivo .env criado a partir do .env.example [OK]
2025-05-10 12:02:24,254 - INFO - Diret√≥rio uploads criado [OK]
2025-05-10 12:02:24,261 - INFO - Diret√≥rio processed criado [OK]
2025-05-10 12:02:24,261 - INFO - Diret√≥rio backups criado [OK]
2025-05-10 12:02:24,263 - INFO - Diret√≥rio logs criado [OK]
2025-05-10 12:02:24,263 - INFO - Diret√≥rio quarantine criado [OK]
2025-05-10 12:02:24,263 - INFO - Abrindo navegador em http://127.0.0.1:5000
2025-05-10 12:02:24,408 - WARNING - Aviso: N√£o foi poss√≠vel inicializar o banco de dados: 'init-db'
2025-05-10 12:02:24,408 - INFO - Iniciando aplica√ß√£o na porta 5000...
2025-05-10 12:02:24,408 - ERROR - Erro ao executar aplica√ß√£o: No module named 'app'
2025-05-10 12:40:52,885 - INFO - Iniciando instala√ß√£o do DocMaster Pro
2025-05-10 12:40:52,897 - INFO - Iniciando DocMaster Pro a partir do execut√°vel...
2025-05-10 12:40:52,899 - INFO - Arquivo .env criado a partir do .env.example [OK]
2025-05-10 12:40:52,899 - INFO - Diret√≥rio uploads criado [OK]
2025-05-10 12:40:52,899 - INFO - Diret√≥rio processed criado [OK]
2025-05-10 12:40:52,899 - INFO - Diret√≥rio backups criado [OK]
2025-05-10 12:40:52,899 - INFO - Diret√≥rio logs criado [OK]
2025-05-10 12:40:52,899 - INFO - Diret√≥rio quarantine criado [OK]
2025-05-10 12:40:52,899 - INFO - Abrindo navegador em http://127.0.0.1:5000
2025-05-10 12:40:53,030 - WARNING - Aviso: N√£o foi poss√≠vel inicializar o banco de dados: 'init-db'
2025-05-10 12:40:53,030 - INFO - Iniciando aplica√ß√£o na porta 5000...
2025-05-10 12:40:53,030 - ERROR - Erro ao executar aplica√ß√£o: No module named 'app'
